0 info it worked if it ends with ok
1 verbose cli [ '/Users/kamuela/.nvm/versions/node/v4.2.3/bin/node',
1 verbose cli   '/Users/kamuela/.nvm/versions/node/v4.2.3/bin/npm',
1 verbose cli   'publish' ]
2 info using npm@2.14.7
3 info using node@v4.2.3
4 verbose publish [ '.' ]
5 silly cache add args [ '.', null ]
6 verbose cache add spec .
7 silly cache add parsed spec Result {
7 silly cache add   raw: '.',
7 silly cache add   scope: null,
7 silly cache add   name: null,
7 silly cache add   rawSpec: '.',
7 silly cache add   spec: '/Users/kamuela/Code/simple-stack',
7 silly cache add   type: 'directory' }
8 verbose addLocalDirectory /Users/kamuela/.npm/simple-stack/1.0.0/package.tgz not in flight; packing
9 verbose tar pack [ '/Users/kamuela/.npm/simple-stack/1.0.0/package.tgz',
9 verbose tar pack   '/Users/kamuela/Code/simple-stack' ]
10 verbose tarball /Users/kamuela/.npm/simple-stack/1.0.0/package.tgz
11 verbose folder /Users/kamuela/Code/simple-stack
12 info prepublish simple-stack@1.0.0
13 verbose addLocalTarball adding from inside cache /Users/kamuela/.npm/simple-stack/1.0.0/package.tgz
14 silly cache afterAdd simple-stack@1.0.0
15 verbose afterAdd /Users/kamuela/.npm/simple-stack/1.0.0/package/package.json not in flight; writing
16 verbose afterAdd /Users/kamuela/.npm/simple-stack/1.0.0/package/package.json written
17 silly publish { name: 'simple-stack',
17 silly publish   version: '1.0.0',
17 silly publish   description: 'An implementation of a simple stack object.',
17 silly publish   main: 'simple-stack.js',
17 silly publish   scripts: { test: 'echo "Error: no test specified" && exit 1' },
17 silly publish   repository:
17 silly publish    { type: 'git',
17 silly publish      url: 'git://github.com/KamuelaFranco/simple-stack.git' },
17 silly publish   keywords: [ 'stack', 'javascript' ],
17 silly publish   author: { name: 'Kamuela Franco' },
17 silly publish   license: 'MIT',
17 silly publish   bugs: { url: 'https://github.com/KamuelaFranco/simple-stack/issues' },
17 silly publish   homepage: 'https://github.com/KamuelaFranco/simple-stack#readme',
17 silly publish   readme: '<a name="module_SimpleStack"></a>\n## SimpleStack\nA module to create a very simple stack implementation.\n\n\n* [SimpleStack](#module_SimpleStack)\n    * [~SimpleStack](#module_SimpleStack..SimpleStack)\n        * [new SimpleStack()](#new_module_SimpleStack..SimpleStack_new)\n        * [.toString()](#module_SimpleStack..SimpleStack+toString)\n    * [~push(element)](#module_SimpleStack..push)\n    * [~peek()](#module_SimpleStack..peek) ⇒ <code>Object</code>\n    * [~pop()](#module_SimpleStack..pop) ⇒ <code>Object</code>\n    * [~clear()](#module_SimpleStack..clear)\n    * [~length()](#module_SimpleStack..length) ⇒ <code>Number</code>\n    * [~clone()](#module_SimpleStack..clone) ⇒ <code>Object</code>\n\n<a name="module_SimpleStack..SimpleStack"></a>\n### SimpleStack~SimpleStack\n**Kind**: inner class of <code>[SimpleStack](#module_SimpleStack)</code>  \n\n* [~SimpleStack](#module_SimpleStack..SimpleStack)\n    * [new SimpleStack()](#new_module_SimpleStack..SimpleStack_new)\n    * [.toString()](#module_SimpleStack..SimpleStack+toString)\n\n<a name="new_module_SimpleStack..SimpleStack_new"></a>\n#### new SimpleStack()\nRepresents a stack.\n\n\n| Param | Description |\n| --- | --- |\n| ...arguments | [Optional] Initial elements in the stack. |\n\n<a name="module_SimpleStack..SimpleStack+toString"></a>\n#### simpleStack.toString()\nOverrides Object.prototype.toString to throw errors.\n\n**Kind**: instance method of <code>[SimpleStack](#module_SimpleStack..SimpleStack)</code>  \n**Throws**:\n\n- Will throw an error in lieu of coercing stack into a string.\n- Will throw an error if the stack is empty.\n\n<a name="module_SimpleStack..push"></a>\n### SimpleStack~push(element)\nPushes an element onto the stack.\n\n**Kind**: inner method of <code>[SimpleStack](#module_SimpleStack)</code>  \n**Throws**:\n\n- Will throw an error if an element is not supplied.\n\n\n| Param | Description |\n| --- | --- |\n| element | An element. |\n\n<a name="module_SimpleStack..peek"></a>\n### SimpleStack~peek() ⇒ <code>Object</code>\nReturns the element at the top of the stack.\n\n**Kind**: inner method of <code>[SimpleStack](#module_SimpleStack)</code>  \n**Returns**: <code>Object</code> - Element at the top of the stack  \n**Throws**:\n\n- Will throw an error if the stack is empty.\n\n<a name="module_SimpleStack..pop"></a>\n### SimpleStack~pop() ⇒ <code>Object</code>\nPops (removes) the element at the top of the stack.\n\n**Kind**: inner method of <code>[SimpleStack](#module_SimpleStack)</code>  \n**Returns**: <code>Object</code> - Popped element  \n**Throws**:\n\n- Will throw an error when the stack is empty.\n\n<a name="module_SimpleStack..clear"></a>\n### SimpleStack~clear()\nClears the current stack.\n\n**Kind**: inner method of <code>[SimpleStack](#module_SimpleStack)</code>  \n<a name="module_SimpleStack..length"></a>\n### SimpleStack~length() ⇒ <code>Number</code>\nReturns the length of the current stack.\n\n**Kind**: inner method of <code>[SimpleStack](#module_SimpleStack)</code>  \n**Returns**: <code>Number</code> - Stack length  \n<a name="module_SimpleStack..clone"></a>\n### SimpleStack~clone() ⇒ <code>Object</code>\nReturns a copy of the current stack.\n\n**Kind**: inner method of <code>[SimpleStack](#module_SimpleStack)</code>  \n**Returns**: <code>Object</code> - Cloned new SimpleStack object  \n',
17 silly publish   readmeFilename: 'README.md',
17 silly publish   gitHead: 'f05e8475e2845f566f66b5aa17dcd8d8983a8c22',
17 silly publish   _id: 'simple-stack@1.0.0',
17 silly publish   _shasum: 'f67130f85a2df238468501daa535aa2a27cdbd97',
17 silly publish   _from: '.' }
18 verbose getPublishConfig undefined
19 silly mapToRegistry name simple-stack
20 silly mapToRegistry using default registry
21 silly mapToRegistry registry https://registry.npmjs.org/
22 silly mapToRegistry uri https://registry.npmjs.org/simple-stack
23 verbose publish registryBase https://registry.npmjs.org/
24 silly publish uploading /Users/kamuela/.npm/simple-stack/1.0.0/package.tgz
25 verbose request uri https://registry.npmjs.org/simple-stack
26 verbose request sending authorization for write operation
27 info attempt registry request try #1 at 6:19:08 AM
28 verbose request using bearer token for auth
29 verbose request id dca2c38a43972655
30 http request PUT https://registry.npmjs.org/simple-stack
31 http 403 https://registry.npmjs.org/simple-stack
32 verbose headers { 'content-type': 'application/json',
32 verbose headers   'cache-control': 'max-age=60',
32 verbose headers   'content-length': '104',
32 verbose headers   'accept-ranges': 'bytes',
32 verbose headers   date: 'Thu, 10 Dec 2015 06:19:09 GMT',
32 verbose headers   via: '1.1 varnish',
32 verbose headers   connection: 'keep-alive',
32 verbose headers   'x-served-by': 'cache-lhr6331-LHR',
32 verbose headers   'x-cache': 'MISS',
32 verbose headers   'x-cache-hits': '0',
32 verbose headers   'x-timer': 'S1449728348.842920,VS0,VE718' }
33 verbose request invalidating /Users/kamuela/.npm/registry.npmjs.org/simple-stack on PUT
34 error publish Failed PUT 403
35 verbose stack Error: You do not have permission to publish 'simple-stack'. Are you logged in as the correct user? : simple-stack
35 verbose stack     at makeError (/Users/kamuela/.nvm/versions/node/v4.2.3/lib/node_modules/npm/node_modules/npm-registry-client/lib/request.js:264:12)
35 verbose stack     at CachingRegistryClient.<anonymous> (/Users/kamuela/.nvm/versions/node/v4.2.3/lib/node_modules/npm/node_modules/npm-registry-client/lib/request.js:252:14)
35 verbose stack     at Request._callback (/Users/kamuela/.nvm/versions/node/v4.2.3/lib/node_modules/npm/node_modules/npm-registry-client/lib/request.js:172:14)
35 verbose stack     at Request.self.callback (/Users/kamuela/.nvm/versions/node/v4.2.3/lib/node_modules/npm/node_modules/request/request.js:198:22)
35 verbose stack     at emitTwo (events.js:87:13)
35 verbose stack     at Request.emit (events.js:172:7)
35 verbose stack     at Request.<anonymous> (/Users/kamuela/.nvm/versions/node/v4.2.3/lib/node_modules/npm/node_modules/request/request.js:1063:14)
35 verbose stack     at emitOne (events.js:82:20)
35 verbose stack     at Request.emit (events.js:169:7)
35 verbose stack     at IncomingMessage.<anonymous> (/Users/kamuela/.nvm/versions/node/v4.2.3/lib/node_modules/npm/node_modules/request/request.js:1009:12)
36 verbose statusCode 403
37 verbose pkgid simple-stack
38 verbose cwd /Users/kamuela/Code/simple-stack
39 error Darwin 15.0.0
40 error argv "/Users/kamuela/.nvm/versions/node/v4.2.3/bin/node" "/Users/kamuela/.nvm/versions/node/v4.2.3/bin/npm" "publish"
41 error node v4.2.3
42 error npm  v2.14.7
43 error code E403
44 error You do not have permission to publish 'simple-stack'. Are you logged in as the correct user? : simple-stack
45 error If you need help, you may report this error at:
45 error     <https://github.com/npm/npm/issues>
46 verbose exit [ 1, true ]
